<?xml version="1.0" encoding="UTF-8"?>
<testsuites>
  <testsuite name="ArticlesControllerTest" filepath="/rails_app/test/controllers/articles_controller_test.rb" skipped="0" failures="0" errors="0" tests="8" assertions="24" time="0.19821146100093756">
    <testcase name="test_should_get_a_record_by_seraching_more_than_created_date" lineno="57" classname="ArticlesControllerTest" assertions="4" time="0.10235036500034767">
    </testcase>
    <testcase name="test_should_get_a_record_by_seraching_user_name" lineno="32" classname="ArticlesControllerTest" assertions="2" time="0.016854894000061904">
    </testcase>
    <testcase name="test_should_search_date_range" lineno="91" classname="ArticlesControllerTest" assertions="2" time="0.014992642999459349">
    </testcase>
    <testcase name="test_should_get_list" lineno="4" classname="ArticlesControllerTest" assertions="5" time="0.015366317000371055">
    </testcase>
    <testcase name="test_should_get_a_record_by_seraching_less_than_created_date" lineno="75" classname="ArticlesControllerTest" assertions="3" time="0.011767938000048161">
    </testcase>
    <testcase name="test_should_get_a_record_by_seraching_title" lineno="44" classname="ArticlesControllerTest" assertions="2" time="0.009468718000789522">
    </testcase>
    <testcase name="test_should_get_a_record_by_all_serching_items" lineno="106" classname="ArticlesControllerTest" assertions="4" time="0.014688213999761501">
    </testcase>
    <testcase name="test_should_get_right_status_when_seraching_reslut_is_zero" lineno="21" classname="ArticlesControllerTest" assertions="2" time="0.012722372000098403">
    </testcase>
  </testsuite>
</testsuites>
