<?xml version="1.0" encoding="UTF-8"?>
<testsuites>
  <testsuite name="ArticlesControllerTest" filepath="/rails_app/test/controllers/articles_controller_test.rb" skipped="0" failures="0" errors="0" tests="8" assertions="24" time="0.23029994399985299">
    <testcase name="test_should_search_date_range" lineno="91" classname="ArticlesControllerTest" assertions="2" time="0.09740929600002346">
    </testcase>
    <testcase name="test_should_get_a_record_by_all_serching_items" lineno="106" classname="ArticlesControllerTest" assertions="4" time="0.0364773339997555">
    </testcase>
    <testcase name="test_should_get_a_record_by_seraching_more_than_created_date" lineno="57" classname="ArticlesControllerTest" assertions="4" time="0.019214313999782462">
    </testcase>
    <testcase name="test_should_get_list" lineno="4" classname="ArticlesControllerTest" assertions="5" time="0.021689812999738933">
    </testcase>
    <testcase name="test_should_get_a_record_by_seraching_less_than_created_date" lineno="75" classname="ArticlesControllerTest" assertions="3" time="0.015344519000336732">
    </testcase>
    <testcase name="test_should_get_a_record_by_seraching_user_name" lineno="32" classname="ArticlesControllerTest" assertions="2" time="0.017807887999879313">
    </testcase>
    <testcase name="test_should_get_a_record_by_seraching_title" lineno="44" classname="ArticlesControllerTest" assertions="2" time="0.011021492000054423">
    </testcase>
    <testcase name="test_should_get_right_status_when_seraching_reslut_is_zero" lineno="21" classname="ArticlesControllerTest" assertions="2" time="0.011335288000282162">
    </testcase>
  </testsuite>
</testsuites>
