<?xml version="1.0" encoding="UTF-8"?>
<testsuites>
  <testsuite name="DemoListTest" filepath="/rails_app/test/system/demo_list_test.rb" skipped="0" failures="0" errors="0" tests="1" assertions="1" time="1.3155213999998523">
    <testcase name="test_demo_test" lineno="5" classname="DemoListTest" assertions="1" time="1.3155213999998523">
    </testcase>
  </testsuite>
</testsuites>
