<?xml version="1.0" encoding="UTF-8"?>
<testsuites>
  <testsuite name="SessionLoginTest" filepath="/rails_app/test/system/session/login_test.rb" skipped="0" failures="0" errors="0" tests="3" assertions="3" time="9.448679599998286">
    <testcase name="test_should_not_login_with_uncorrect_email" lineno="19" classname="SessionLoginTest" assertions="1" time="3.014351399993757">
    </testcase>
    <testcase name="test_should_not_login_with_uncorrect_password" lineno="33" classname="SessionLoginTest" assertions="1" time="2.499031000013929">
    </testcase>
    <testcase name="test_should_login_with_correct_password_and_email" lineno="5" classname="SessionLoginTest" assertions="1" time="3.9352971999906003">
    </testcase>
  </testsuite>
</testsuites>
