<?xml version="1.0" encoding="UTF-8"?>
<testsuites>
  <testsuite name="ArticlesControllerTest" filepath="/rails_app/test/controllers/articles_controller_test.rb" skipped="0" failures="0" errors="0" tests="12" assertions="44" time="0.4631967000022996">
    <testcase name="test_should_create_article" lineno="178" classname="ArticlesControllerTest" assertions="5" time="0.10401139999885345">
    </testcase>
    <testcase name="test_should_search_date_range" lineno="91" classname="ArticlesControllerTest" assertions="2" time="0.059900599997490644">
    </testcase>
    <testcase name="test_should_get_a_record_by_all_serching_items" lineno="106" classname="ArticlesControllerTest" assertions="4" time="0.031219599994074088">
    </testcase>
    <testcase name="test_should_get_a_record_by_seraching_more_than_created_date" lineno="57" classname="ArticlesControllerTest" assertions="4" time="0.023847099997510668">
    </testcase>
    <testcase name="test_should_not_update_article_whne_params_is_uncorrect" lineno="150" classname="ArticlesControllerTest" assertions="6" time="0.019562699999369215">
    </testcase>
    <testcase name="test_should_get_a_record_by_seraching_title" lineno="44" classname="ArticlesControllerTest" assertions="2" time="0.023413900002196897">
    </testcase>
    <testcase name="test_should_get_a_record_by_seraching_user_name" lineno="32" classname="ArticlesControllerTest" assertions="2" time="0.02739800000563264">
    </testcase>
    <testcase name="test_should_update_article" lineno="125" classname="ArticlesControllerTest" assertions="5" time="0.03141150000010384">
    </testcase>
    <testcase name="test_should_get_list" lineno="4" classname="ArticlesControllerTest" assertions="5" time="0.027481299999635667">
    </testcase>
    <testcase name="test_should_get_a_record_by_seraching_less_than_created_date" lineno="75" classname="ArticlesControllerTest" assertions="3" time="0.018187900001066737">
    </testcase>
    <testcase name="test_should_get_right_status_when_seraching_reslut_is_zero" lineno="21" classname="ArticlesControllerTest" assertions="2" time="0.05142830000113463">
    </testcase>
    <testcase name="test_should_not_create_article" lineno="205" classname="ArticlesControllerTest" assertions="4" time="0.045334400005231146">
    </testcase>
  </testsuite>
</testsuites>
