<?xml version="1.0" encoding="UTF-8"?>
<testsuites>
  <testsuite name="UserTest" filepath="/rails_app/test/system/article/list_test.rb" skipped="0" failures="0" errors="0" tests="3" assertions="4" time="5.677764699998079">
    <testcase name="test_should_get_article_page" lineno="5" classname="UserTest" assertions="1" time="2.1227101999975275">
    </testcase>
    <testcase name="test_should_get_user_page" lineno="5" classname="UserTest" assertions="1" time="1.643514100000175">
    </testcase>
    <testcase name="test_should_work_searching_function" lineno="11" classname="UserTest" assertions="2" time="1.9115404000003764">
    </testcase>
  </testsuite>
</testsuites>
