<?xml version="1.0" encoding="UTF-8"?>
<testsuites>
  <testsuite name="UsersControllerTest" filepath="/rails_app/test/controllers/users_controller_test.rb" skipped="0" failures="0" errors="0" tests="3" assertions="7" time="0.08306846899904485">
    <testcase name="test_should_get_right_status_when_seraching_reslut_is_zero" lineno="30" classname="UsersControllerTest" assertions="2" time="0.047584412999640335">
    </testcase>
    <testcase name="test_should_get_list" lineno="4" classname="UsersControllerTest" assertions="3" time="0.02271210999970208">
    </testcase>
    <testcase name="test_should_get_only_a_searched_record" lineno="17" classname="UsersControllerTest" assertions="2" time="0.012771945999702439">
    </testcase>
  </testsuite>
</testsuites>
