<?xml version="1.0" encoding="UTF-8"?>
<testsuites>
  <testsuite name="UserTest" filepath="/rails_app/test/system/article/list_test.rb" skipped="0" failures="0" errors="0" tests="2" assertions="3" time="6.001916853000694">
    <testcase name="test_should_get_article_page" lineno="5" classname="UserTest" assertions="1" time="3.982213703000525">
    </testcase>
    <testcase name="test_should_work_searching_function" lineno="11" classname="UserTest" assertions="2" time="2.0197031500001685">
    </testcase>
  </testsuite>
</testsuites>
