<?xml version="1.0" encoding="UTF-8"?>
<testsuites>
  <testsuite name="Article::ListTest" filepath="/rails_app/test/system/article/list_test.rb" skipped="0" failures="0" errors="0" tests="2" assertions="3" time="11.74539240001468">
    <testcase name="test_should_get_article_page" lineno="5" classname="Article::ListTest" assertions="1" time="6.8879956000018865">
    </testcase>
    <testcase name="test_should_work_searching_function" lineno="11" classname="Article::ListTest" assertions="2" time="4.857396800012793">
    </testcase>
  </testsuite>
</testsuites>
