<?xml version="1.0" encoding="UTF-8"?>
<testsuites>
  <testsuite name="UsersControllerTest" filepath="/rails_app/test/controllers/users_controller_test.rb" skipped="0" failures="0" errors="0" tests="8" assertions="22" time="2.3465928999994503">
    <testcase name="test_should_get_only_a_searched_record" lineno="17" classname="UsersControllerTest" assertions="2" time="1.003198300000804">
    </testcase>
    <testcase name="test_should_update_user_info" lineno="42" classname="UsersControllerTest" assertions="5" time="0.07769629999893368">
    </testcase>
    <testcase name="test_should_validate_when_update_password_less_than_6_letters" lineno="92" classname="UsersControllerTest" assertions="2" time="1.1700670000009268">
    </testcase>
    <testcase name="test_should_not_update_user_info" lineno="67" classname="UsersControllerTest" assertions="4" time="0.024827499999446445">
    </testcase>
    <testcase name="test_should_validate_when_update_password_dosent_include_number_and_string" lineno="114" classname="UsersControllerTest" assertions="2" time="0.018263500000102795">
    </testcase>
    <testcase name="test_should_validate_when_update_password_is_empty" lineno="136" classname="UsersControllerTest" assertions="2" time="0.016673999998602085">
    </testcase>
    <testcase name="test_should_get_list" lineno="4" classname="UsersControllerTest" assertions="3" time="0.02251819999946747">
    </testcase>
    <testcase name="test_should_get_right_status_when_seraching_reslut_is_zero" lineno="30" classname="UsersControllerTest" assertions="2" time="0.01334810000116704">
    </testcase>
  </testsuite>
</testsuites>
