<?xml version="1.0" encoding="UTF-8"?>
<testsuites>
  <testsuite name="ArticlesControllerTest" filepath="/rails_app/test/controllers/articles_controller_test.rb" skipped="0" failures="0" errors="0" tests="12" assertions="44" time="0.3873574000026565">
    <testcase name="test_should_search_date_range" lineno="91" classname="ArticlesControllerTest" assertions="2" time="0.10261079999327194">
    </testcase>
    <testcase name="test_should_not_update_article_whne_params_is_uncorrect" lineno="150" classname="ArticlesControllerTest" assertions="6" time="0.03824900000472553">
    </testcase>
    <testcase name="test_should_get_a_record_by_seraching_more_than_created_date" lineno="57" classname="ArticlesControllerTest" assertions="4" time="0.020463099994231015">
    </testcase>
    <testcase name="test_should_update_article" lineno="125" classname="ArticlesControllerTest" assertions="5" time="0.02039580000564456">
    </testcase>
    <testcase name="test_should_create_article" lineno="178" classname="ArticlesControllerTest" assertions="5" time="0.035584500001277775">
    </testcase>
    <testcase name="test_should_get_a_record_by_seraching_title" lineno="44" classname="ArticlesControllerTest" assertions="2" time="0.015403700002934784">
    </testcase>
    <testcase name="test_should_get_list" lineno="4" classname="ArticlesControllerTest" assertions="5" time="0.04915459999756422">
    </testcase>
    <testcase name="test_should_get_right_status_when_seraching_reslut_is_zero" lineno="21" classname="ArticlesControllerTest" assertions="2" time="0.020917899993946776">
    </testcase>
    <testcase name="test_should_get_a_record_by_seraching_less_than_created_date" lineno="75" classname="ArticlesControllerTest" assertions="3" time="0.015682500001275912">
    </testcase>
    <testcase name="test_should_not_create_article" lineno="205" classname="ArticlesControllerTest" assertions="4" time="0.02987820000271313">
    </testcase>
    <testcase name="test_should_get_a_record_by_seraching_user_name" lineno="32" classname="ArticlesControllerTest" assertions="2" time="0.02163509999809321">
    </testcase>
    <testcase name="test_should_get_a_record_by_all_serching_items" lineno="106" classname="ArticlesControllerTest" assertions="4" time="0.017382200006977655">
    </testcase>
  </testsuite>
</testsuites>
