<?xml version="1.0" encoding="UTF-8"?>
<testsuites>
  <testsuite name="UsersControllerTest" filepath="/rails_app/test/controllers/users_controller_test.rb" skipped="0" failures="0" errors="0" tests="8" assertions="22" time="3.357860099989921">
    <testcase name="test_should_validate_when_update_password_is_empty" lineno="135" classname="UsersControllerTest" assertions="2" time="3.159452499996405">
    </testcase>
    <testcase name="test_should_validate_when_update_password_less_than_6_letters" lineno="91" classname="UsersControllerTest" assertions="2" time="0.053179199996520765">
    </testcase>
    <testcase name="test_should_update_user_info" lineno="42" classname="UsersControllerTest" assertions="5" time="0.03030610000132583">
    </testcase>
    <testcase name="test_should_get_only_a_searched_record" lineno="17" classname="UsersControllerTest" assertions="2" time="0.02809930000512395">
    </testcase>
    <testcase name="test_should_get_right_status_when_seraching_reslut_is_zero" lineno="30" classname="UsersControllerTest" assertions="2" time="0.011550799994438421">
    </testcase>
    <testcase name="test_should_validate_when_update_password_dosent_include_number_and_string" lineno="113" classname="UsersControllerTest" assertions="2" time="0.017675600000075065">
    </testcase>
    <testcase name="test_should_not_update_user_info" lineno="66" classname="UsersControllerTest" assertions="4" time="0.03189630000269972">
    </testcase>
    <testcase name="test_should_get_list" lineno="4" classname="UsersControllerTest" assertions="3" time="0.02570029999333201">
    </testcase>
  </testsuite>
</testsuites>
