<?xml version="1.0" encoding="UTF-8"?>
<testsuites>
  <testsuite name="UsersControllerTest" filepath="/rails_app/test/controllers/users_controller_test.rb" skipped="0" failures="0" errors="0" tests="8" assertions="22" time="0.3279149999998481">
    <testcase name="test_should_get_right_status_when_seraching_reslut_is_zero" lineno="30" classname="UsersControllerTest" assertions="2" time="0.10989220000010391">
    </testcase>
    <testcase name="test_should_update_user_info" lineno="42" classname="UsersControllerTest" assertions="5" time="0.05183559999932186">
    </testcase>
    <testcase name="test_should_get_list" lineno="4" classname="UsersControllerTest" assertions="3" time="0.026921000000584172">
    </testcase>
    <testcase name="test_should_validate_when_update_password_dosent_include_number_and_string" lineno="113" classname="UsersControllerTest" assertions="2" time="0.039811400001781294">
    </testcase>
    <testcase name="test_should_validate_when_update_password_is_empty" lineno="135" classname="UsersControllerTest" assertions="2" time="0.025852699998722528">
    </testcase>
    <testcase name="test_should_not_update_user_info" lineno="66" classname="UsersControllerTest" assertions="4" time="0.031014199999845005">
    </testcase>
    <testcase name="test_should_validate_when_update_password_less_than_6_letters" lineno="91" classname="UsersControllerTest" assertions="2" time="0.02574319999985164">
    </testcase>
    <testcase name="test_should_get_only_a_searched_record" lineno="17" classname="UsersControllerTest" assertions="2" time="0.01684469999963767">
    </testcase>
  </testsuite>
</testsuites>
