<?xml version="1.0" encoding="UTF-8"?>
<testsuites>
  <testsuite name="SessionsControllerTest" filepath="/rails_app/test/controllers/sessions_controller_test.rb" skipped="0" failures="0" errors="0" tests="4" assertions="6" time="0.20456740000008722">
    <testcase name="test_should_login_with_correct_user_mail_and_password" lineno="4" classname="SessionsControllerTest" assertions="1" time="0.09410840000055032">
    </testcase>
    <testcase name="test_should_not_login_with_uncorrect_user_password" lineno="12" classname="SessionsControllerTest" assertions="1" time="0.036731399999553105">
    </testcase>
    <testcase name="test_should_logout_correctly" lineno="28" classname="SessionsControllerTest" assertions="3" time="0.05053120000047784">
    </testcase>
    <testcase name="test_should_not_login_with_uncorrect_user_email" lineno="20" classname="SessionsControllerTest" assertions="1" time="0.023196399999505957">
    </testcase>
  </testsuite>
</testsuites>
