<?xml version="1.0" encoding="UTF-8"?>
<testsuites>
  <testsuite name="SessionsControllerTest" filepath="/rails_app/test/controllers/sessions_controller_test.rb" skipped="0" failures="0" errors="0" tests="4" assertions="6" time="0.2524135999919963">
    <testcase name="test_should_login_with_correct_user_mail_and_password" lineno="4" classname="SessionsControllerTest" assertions="1" time="0.09760899999673711">
    </testcase>
    <testcase name="test_should_logout_correctly" lineno="28" classname="SessionsControllerTest" assertions="3" time="0.07653089999803342">
    </testcase>
    <testcase name="test_should_not_login_with_uncorrect_user_email" lineno="20" classname="SessionsControllerTest" assertions="1" time="0.033138499995402526">
    </testcase>
    <testcase name="test_should_not_login_with_uncorrect_user_password" lineno="12" classname="SessionsControllerTest" assertions="1" time="0.04513520000182325">
    </testcase>
  </testsuite>
</testsuites>
