<?xml version="1.0" encoding="UTF-8"?>
<testsuites>
  <testsuite name="Article::EditTest" filepath="/rails_app/test/system/article/edit_test.rb" skipped="0" failures="0" errors="0" tests="2" assertions="9" time="6.200409200013382">
    <testcase name="test_should_edit_article" lineno="5" classname="Article::EditTest" assertions="5" time="3.506375900004059">
    </testcase>
    <testcase name="test_should_validate_to_update_article" lineno="30" classname="Article::EditTest" assertions="4" time="2.6940333000093233">
    </testcase>
  </testsuite>
</testsuites>
