<?xml version="1.0" encoding="UTF-8"?>
<testsuites>
  <testsuite name="Article::EditTest" filepath="/rails_app/test/system/article/edit_test.rb" skipped="0" failures="0" errors="0" tests="2" assertions="9" time="18.451800800001365">
    <testcase name="test_should_edit_article" lineno="5" classname="Article::EditTest" assertions="5" time="5.9671491000044625">
    </testcase>
    <testcase name="test_should_validate_to_update_article" lineno="27" classname="Article::EditTest" assertions="4" time="12.484651699996903">
    </testcase>
  </testsuite>
</testsuites>
